<?xml version="1.0" encoding="UTF-8"?>
<testsuite xmlns:xsi="http://www.w3.org/2001/XMLSchema-instance" xsi:noNamespaceSchemaLocation="https://maven.apache.org/surefire/maven-surefire-plugin/xsd/surefire-test-report.xsd" name="autoCourse.Automation.MySupermarket_project" time="35.686" tests="1" errors="1" skipped="0" failures="0">
  <properties>
[...]
</properties>
  <testcase name="login" classname="autoCourse.Automation.MySupermarket_project" time="35.686">
    <error message="stale element reference: element is not attached to the page document&#10;  (Session info: chrome=63.0.3239.132)&#10;  (Driver info: chromedriver=2.33.506120 (e3e53437346286c0bc2d2dc9aa4915ba81d9023f),platform=Windows NT 10.0.14393 x86_64) (WARNING: The server did not provide any stacktrace information)&#10;Command duration or timeout: 0 milliseconds&#10;For documentation on this error, please visit: http://seleniumhq.org/exceptions/stale_element_reference.html&#10;Build info: version: &apos;3.6.0&apos;, revision: &apos;6fbf3ec767&apos;, time: &apos;2017-09-27T15:28:36.4Z&apos;&#10;System info: host: &apos;DESKTOP-BVHER5A&apos;, ip: &apos;192.168.43.166&apos;, os.name: &apos;Windows 10&apos;, os.arch: &apos;amd64&apos;, os.version: &apos;10.0&apos;, java.version: &apos;1.8.0_131&apos;&#10;Driver info: org.openqa.selenium.remote.RemoteWebDriver&#10;Capabilities [{mobileEmulationEnabled=false, hasTouchScreen=false, platform=XP, acceptSslCerts=true, webStorageEnabled=true, browserName=chrome, takesScreenshot=true, javascriptEnabled=true, platformName=XP, setWindowRect=true, unexpectedAlertBehaviour=, applicationCacheEnabled=false, rotatable=false, networkConnectionEnabled=false, chrome={chromedriverVersion=2.33.506120 (e3e53437346286c0bc2d2dc9aa4915ba81d9023f), userDataDir=C:\Users\6975~1\AppData\Local\Temp\scoped_dir4412_32020}, takesHeapSnapshot=true, pageLoadStrategy=normal, unhandledPromptBehavior=, databaseEnabled=false, handlesAlerts=true, version=63.0.3239.132, browserConnectionEnabled=false, nativeEvents=true, locationContextEnabled=true, cssSelectorsEnabled=true}]&#10;Session ID: 3f39e3ec168d79781035d7eb135f7d4e" type="org.openqa.selenium.StaleElementReferenceException">org.openqa.selenium.StaleElementReferenceException: 
stale element reference: element is not attached to the page document
  (Session info: chrome=63.0.3239.132)
  (Driver info: chromedriver=2.33.506120 (e3e53437346286c0bc2d2dc9aa4915ba81d9023f),platform=Windows NT 10.0.14393 x86_64) (WARNING: The server did not provide any stacktrace information)
Command duration or timeout: 0 milliseconds
For documentation on this error, please visit: http://seleniumhq.org/exceptions/stale_element_reference.html
Build info: version: '3.6.0', revision: '6fbf3ec767', time: '2017-09-27T15:28:36.4Z'
System info: host: 'DESKTOP-BVHER5A', ip: '192.168.43.166', os.name: 'Windows 10', os.arch: 'amd64', os.version: '10.0', java.version: '1.8.0_131'
Driver info: org.openqa.selenium.remote.RemoteWebDriver
Capabilities [{mobileEmulationEnabled=false, hasTouchScreen=false, platform=XP, acceptSslCerts=true, webStorageEnabled=true, browserName=chrome, takesScreenshot=true, javascriptEnabled=true, platformName=XP, setWindowRect=true, unexpectedAlertBehaviour=, applicationCacheEnabled=false, rotatable=false, networkConnectionEnabled=false, chrome={chromedriverVersion=2.33.506120 (e3e53437346286c0bc2d2dc9aa4915ba81d9023f), userDataDir=C:\Users\6975~1\AppData\Local\Temp\scoped_dir4412_32020}, takesHeapSnapshot=true, pageLoadStrategy=normal, unhandledPromptBehavior=, databaseEnabled=false, handlesAlerts=true, version=63.0.3239.132, browserConnectionEnabled=false, nativeEvents=true, locationContextEnabled=true, cssSelectorsEnabled=true}]
Session ID: 3f39e3ec168d79781035d7eb135f7d4e
	at autoCourse.Automation.MySupermarket_project.login(MySupermarket_project.java:25)
</error>
    <system-out><![CDATA[https://js.nagich.co.il/accessibility.js 4:51 "%c[IND]%c You are running %cChrome%c browser, version: %c63": 1516213470963
https://js.nagich.co.il/accessibility.js 4:51 "%c[IND]%c $IND jQuery version: %c2.2.4": 1516213470976
http://www.mysupermarket.co.il/ - The SSL certificate used to load resources from https://secure.livechatinc.com will be distrusted in M70. Once distrusted, users will be prevented from loading these resources. See https://g.co/chrome/symantecpkicerts for more information.: 1516213471086
about:blank - The SSL certificate used to load resources from https://cdn.livechatinc.com will be distrusted in M70. Once distrusted, users will be prevented from loading these resources. See https://g.co/chrome/symantecpkicerts for more information.: 1516213471448
about:blank - The SSL certificate used to load resources from https://secure.livechatinc.com will be distrusted in M70. Once distrusted, users will be prevented from loading these resources. See https://g.co/chrome/symantecpkicerts for more information.: 1516213471491
https://secure.livechatinc.com/licence/8518086/open_chat.cgi?groups=0&embedded=1&newWebserv=undefined&__lc_vv=2&session_id=S1516213470.8131a20b9c&server=secure.livechatinc.com#http://www.mysupermarket.co.il/ - The SSL certificate used to load resources from https://secure.livechatinc.com will be distrusted in M70. Once distrusted, users will be prevented from loading these resources. See https://g.co/chrome/symantecpkicerts for more information.: 1516213471510
https://secure.livechatinc.com/licence/8518086/open_chat.cgi?groups=0&embedded=1&newWebserv=undefined&__lc_vv=2&session_id=S1516213470.8131a20b9c&server=secure.livechatinc.com#http://www.mysupermarket.co.il/ - The SSL certificate used to load resources from https://cdn.livechatinc.com will be distrusted in M70. Once distrusted, users will be prevented from loading these resources. See https://g.co/chrome/symantecpkicerts for more information.: 1516213471734
http://askit.smadmin.net/clients/mysupermarket/AskIT/settings.ashx?uimode=widget&contentdir=mysupermarket&lang=he&settingsspecial=settingsspecialnew&loadbooter=1&_=1516213469090 - Failed to load resource: net::ERR_CONNECTION_TIMED_OUT: 1516213490239
http://www.mysupermarket.co.il/ - This page includes a password or credit card input in a non-secure context. A warning has been added to the URL bar. For more information, see https://goo.gl/zmWq3m.: 1516213493574
https://js.nagich.co.il/accessibility.js 4:51 "%c[IND]%c You are running %cChrome%c browser, version: %c63": 1516213494866
https://js.nagich.co.il/accessibility.js 4:51 "%c[IND]%c $IND jQuery version: %c2.2.4": 1516213494884
]]></system-out>
    <system-err><![CDATA[ינו 17, 2018 8:24:26 PM org.openqa.selenium.remote.ProtocolHandshake createSession
INFO: Detected dialect: OSS
]]></system-err>
  </testcase>
</testsuite>