<?xml version="1.0" encoding="UTF-8"?>
<testsuite xmlns:xsi="http://www.w3.org/2001/XMLSchema-instance" xsi:noNamespaceSchemaLocation="https://maven.apache.org/surefire/maven-surefire-plugin/xsd/surefire-test-report.xsd" name="autoCourse.Automation.LoginTestVroom" time="82.294" tests="2" errors="0" skipped="0" failures="0">
  <properties>
[...]
</properties>
  <testcase name="Test1" classname="autoCourse.Automation.LoginTestVroom" time="59.382"/>
  <testcase name="Test2" classname="autoCourse.Automation.LoginTestVroom" time="22.912"/>
</testsuite>